<?xml version="1.0" encoding="UTF-8"?>
<!-- Generated by org.testng.reporters.JUnitReportReporter -->
<testsuite hostname="LAPTOP-S7EFOJ0I" failures="0" tests="1" name="com.syntax.test.TestNGtest" time="0.012" errors="0" timestamp="2020-05-19T19:34:47 EDT" skipped="0">
  <testcase classname="com.syntax.test.TestNGtest" name="hello" time="0.012"/>
  <system-out/>
</testsuite> <!-- com.syntax.test.TestNGtest -->
